"blank"			"=========================="
"blank"			"#Valve_Movement_Title"
"blank"			"=========================="
"+forward"				"#Valve_Move_Forward"
"+back"					"#Valve_Move_Back"
"+moveleft"				"#Valve_Move_Left"
"+moveright"			"#Valve_Move_Right"
"+speed"             	"#Valve_Sprint"
"+jump"					"#Valve_Jump"
"+duck"					"#Valve_Duck"

"blank"			"=========================="
"blank"			"#Experiment_Build_Online_Title"
"blank"			"=========================="
"undo"              "#Experiment_Undo"
"+menu"			    "#Experiment_Show_Build_Menu"
"+menu_context"	    "#Experiment_Show_Context_Menu"
"gm_showhelp"		"#Experiment_Show_Help"
"gm_showteam"		"#Experiment_Show_Team"
"gm_showspare1"		"#Experiment_Show_Spare1"
"gm_showspare2"		"#Experiment_Show_Spare2"
"+showscores"		"#Valve_Display_Scores"
"impulse 201"		"#Valve_Spray_Logo"

"blank"			"=========================="
"blank"			"#Valve_Combat_Title"
"blank"			"=========================="
"+attack"				"#Valve_Primary_Attack"
"+attack2"				"#Valve_Secondary_Attack"
"+reload"				"#Valve_Reload_Weapon"
"+use"					"#Valve_Use_Items"
"phys_swap"				"#Valve_Gravity_Gun"
"impulse 100"			"#Valve_Flashlight"
"+zoom"					"#Valve_Suit_Zoom"
"slot1"					"#Valve_Weapon_Category_1"
"slot2"					"#Valve_Weapon_Category_2"
"slot3" 				"#Valve_Weapon_Category_3"
"slot4"					"#Valve_Weapon_Category_4"
"slot5"					"#Valve_Weapon_Category_5"
"slot6"					"#Valve_Weapon_Category_6"
"invnext"				"#Valve_Next_Weapon"
"invprev"				"#Valve_Previous_Weapon"
"lastinv"				"#Valve_Last_Weapon_Used"

"blank"			"=========================="
"blank"			"#Valve_Communication_Title"
"blank"			"=========================="
"+voicerecord"			"#Valve_Use_Voice_Communication"
"messagemode"			"#Valve_Chat_Message"
"messagemode2"			"#Valve_Team_Message"

"blank"			"=========================="
"blank"			"#Valve_Miscellaneous_Keyboard_Keys_Title"
"blank"			"=========================="
"+walk"             	"#Valve_Walk"
"+left"					"#Valve_Turn_Left"
"+right"				"#Valve_Turn_Right"
"+moveup"				"#Valve_Swim_Up"
"+movedown"				"#Valve_Swim_Down"
"+lookup"				"#Valve_Look_Up"
"+lookdown"				"#Valve_Look_Down"
"+strafe"				"#Valve_Strafe_Modifier"
"+klook"				"#Valve_Keyboard_Look_Modifier"

"blank"			"=========================="
"blank"			"#Valve_Miscellaneous_Title"
"blank"			"=========================="
"jpeg"					"#Valve_Take_Screen_Shot"
"pause"					"#Valve_Pause_Game"
"quit"					"#Valve_Quit_Game"
"timeleft"				"#HL2MP_Time_Left"
"askconnect_accept"	    "#Valve_Accept_Redirect"
"toggleconsole"		    "#Valve_Console_Toggle"
